app/build/intermediates/manifest_merge_blame_file/release/processReleaseMainManifest/manifest-merger-blame-release-report.txt
1<?xml version="1.0" encoding="utf-8"?>
2<manifest xmlns:android="http://schemas.android.com/apk/res/android"
3    package="com.yassertv"
4    android:versionCode="5"
5    android:versionName="1.4" >
6
7    <uses-sdk
8        android:minSdkVersion="21"
9        android:targetSdkVersion="35" />
10
11    <uses-permission android:name="android.permission.INTERNET" />
11-->src\main\AndroidManifest.xml:3:3-65
11-->src\main\AndroidManifest.xml:3:20-62
12    <uses-permission android:name="android.permission.WAKE_LOCK" />
12-->src\main\AndroidManifest.xml:4:3-66
12-->src\main\AndroidManifest.xml:4:20-63
13
14    <uses-feature
14-->src\main\AndroidManifest.xml:6:3-85
15        android:name="android.software.leanback"
15-->src\main\AndroidManifest.xml:6:17-57
16        android:required="false" />
16-->src\main\AndroidManifest.xml:6:58-82
17    <uses-feature
17-->src\main\AndroidManifest.xml:7:3-88
18        android:name="android.hardware.touchscreen"
18-->src\main\AndroidManifest.xml:7:17-60
19        android:required="false" />
19-->src\main\AndroidManifest.xml:7:61-85
20
21    <uses-permission android:name="android.permission.ACCESS_NETWORK_STATE" />
21-->[androidx.media3:media3-exoplayer:1.5.1] AndroidManifest.xml:22:5-79
21-->[androidx.media3:media3-exoplayer:1.5.1] AndroidManifest.xml:22:22-76
22
23    <permission
23-->[androidx.core:core:1.15.0] AndroidManifest.xml:22:5-24:47
24        android:name="com.yassertv.DYNAMIC_RECEIVER_NOT_EXPORTED_PERMISSION"
24-->[androidx.core:core:1.15.0] AndroidManifest.xml:23:9-81
25        android:protectionLevel="signature" />
25-->[androidx.core:core:1.15.0] AndroidManifest.xml:24:9-44
26
27    <uses-permission android:name="com.yassertv.DYNAMIC_RECEIVER_NOT_EXPORTED_PERMISSION" />
27-->[androidx.core:core:1.15.0] AndroidManifest.xml:26:5-97
27-->[androidx.core:core:1.15.0] AndroidManifest.xml:26:22-94
28
29    <application
29-->src\main\AndroidManifest.xml:9:3-38:17
30        android:name="com.yassertv.App"
30-->src\main\AndroidManifest.xml:10:5-24
31        android:allowBackup="true"
31-->src\main\AndroidManifest.xml:11:5-31
32        android:appComponentFactory="androidx.core.app.CoreComponentFactory"
32-->[androidx.core:core:1.15.0] AndroidManifest.xml:28:18-86
33        android:banner="@drawable/icon_banner"
33-->src\main\AndroidManifest.xml:12:5-43
34        android:extractNativeLibs="true"
35        android:icon="@mipmap/ic_launcher"
35-->src\main\AndroidManifest.xml:13:5-39
36        android:label="@string/app_name"
36-->src\main\AndroidManifest.xml:14:5-37
37        android:networkSecurityConfig="@xml/network_security_config"
37-->src\main\AndroidManifest.xml:17:5-65
38        android:roundIcon="@mipmap/ic_launcher"
38-->src\main\AndroidManifest.xml:15:5-44
39        android:supportsRtl="true"
39-->src\main\AndroidManifest.xml:19:5-31
40        android:theme="@style/Theme.YasserTV"
40-->src\main\AndroidManifest.xml:16:5-42
41        android:usesCleartextTraffic="true" >
41-->src\main\AndroidManifest.xml:18:5-40
42        <activity
42-->src\main\AndroidManifest.xml:21:5-24:88
43            android:name="com.yassertv.MainActivity"
43-->src\main\AndroidManifest.xml:22:7-35
44            android:configChanges="orientation|screenSize|screenLayout|smallestScreenSize"
44-->src\main\AndroidManifest.xml:24:7-85
45            android:exported="false" />
45-->src\main\AndroidManifest.xml:23:7-31
46        <activity
46-->src\main\AndroidManifest.xml:26:5-36:16
47            android:name="com.yassertv.LoginActivity"
47-->src\main\AndroidManifest.xml:27:7-36
48            android:banner="@drawable/icon_banner"
48-->src\main\AndroidManifest.xml:29:7-45
49            android:configChanges="orientation|screenSize|screenLayout|smallestScreenSize"
49-->src\main\AndroidManifest.xml:30:7-85
50            android:exported="true" >
50-->src\main\AndroidManifest.xml:28:7-30
51            <intent-filter>
51-->src\main\AndroidManifest.xml:31:7-35:23
52                <action android:name="android.intent.action.MAIN" />
52-->src\main\AndroidManifest.xml:32:9-61
52-->src\main\AndroidManifest.xml:32:17-58
53
54                <category android:name="android.intent.category.LAUNCHER" />
54-->src\main\AndroidManifest.xml:33:9-69
54-->src\main\AndroidManifest.xml:33:19-66
55                <category android:name="android.intent.category.LEANBACK_LAUNCHER" />
55-->src\main\AndroidManifest.xml:34:9-78
55-->src\main\AndroidManifest.xml:34:19-75
56            </intent-filter>
57        </activity>
58
59        <provider
59-->[androidx.emoji2:emoji2:1.3.0] AndroidManifest.xml:24:9-32:20
60            android:name="androidx.startup.InitializationProvider"
60-->[androidx.emoji2:emoji2:1.3.0] AndroidManifest.xml:25:13-67
61            android:authorities="com.yassertv.androidx-startup"
61-->[androidx.emoji2:emoji2:1.3.0] AndroidManifest.xml:26:13-68
62            android:exported="false" >
62-->[androidx.emoji2:emoji2:1.3.0] AndroidManifest.xml:27:13-37
63            <meta-data
63-->[androidx.emoji2:emoji2:1.3.0] AndroidManifest.xml:29:13-31:52
64                android:name="androidx.emoji2.text.EmojiCompatInitializer"
64-->[androidx.emoji2:emoji2:1.3.0] AndroidManifest.xml:30:17-75
65                android:value="androidx.startup" />
65-->[androidx.emoji2:emoji2:1.3.0] AndroidManifest.xml:31:17-49
66            <meta-data
66-->[androidx.lifecycle:lifecycle-process:2.6.2] AndroidManifest.xml:29:13-31:52
67                android:name="androidx.lifecycle.ProcessLifecycleInitializer"
67-->[androidx.lifecycle:lifecycle-process:2.6.2] AndroidManifest.xml:30:17-78
68                android:value="androidx.startup" />
68-->[androidx.lifecycle:lifecycle-process:2.6.2] AndroidManifest.xml:31:17-49
69            <meta-data
69-->[androidx.profileinstaller:profileinstaller:1.3.1] AndroidManifest.xml:29:13-31:52
70                android:name="androidx.profileinstaller.ProfileInstallerInitializer"
70-->[androidx.profileinstaller:profileinstaller:1.3.1] AndroidManifest.xml:30:17-85
71                android:value="androidx.startup" />
71-->[androidx.profileinstaller:profileinstaller:1.3.1] AndroidManifest.xml:31:17-49
72        </provider>
73
74        <receiver
74-->[androidx.profileinstaller:profileinstaller:1.3.1] AndroidManifest.xml:34:9-52:20
75            android:name="androidx.profileinstaller.ProfileInstallReceiver"
75-->[androidx.profileinstaller:profileinstaller:1.3.1] AndroidManifest.xml:35:13-76
76            android:directBootAware="false"
76-->[androidx.profileinstaller:profileinstaller:1.3.1] AndroidManifest.xml:36:13-44
77            android:enabled="true"
77-->[androidx.profileinstaller:profileinstaller:1.3.1] AndroidManifest.xml:37:13-35
78            android:exported="true"
78-->[androidx.profileinstaller:profileinstaller:1.3.1] AndroidManifest.xml:38:13-36
79            android:permission="android.permission.DUMP" >
79-->[androidx.profileinstaller:profileinstaller:1.3.1] AndroidManifest.xml:39:13-57
80            <intent-filter>
80-->[androidx.profileinstaller:profileinstaller:1.3.1] AndroidManifest.xml:40:13-42:29
81                <action android:name="androidx.profileinstaller.action.INSTALL_PROFILE" />
81-->[androidx.profileinstaller:profileinstaller:1.3.1] AndroidManifest.xml:41:17-91
81-->[androidx.profileinstaller:profileinstaller:1.3.1] AndroidManifest.xml:41:25-88
82            </intent-filter>
83            <intent-filter>
83-->[androidx.profileinstaller:profileinstaller:1.3.1] AndroidManifest.xml:43:13-45:29
84                <action android:name="androidx.profileinstaller.action.SKIP_FILE" />
84-->[androidx.profileinstaller:profileinstaller:1.3.1] AndroidManifest.xml:44:17-85
84-->[androidx.profileinstaller:profileinstaller:1.3.1] AndroidManifest.xml:44:25-82
85            </intent-filter>
86            <intent-filter>
86-->[androidx.profileinstaller:profileinstaller:1.3.1] AndroidManifest.xml:46:13-48:29
87                <action android:name="androidx.profileinstaller.action.SAVE_PROFILE" />
87-->[androidx.profileinstaller:profileinstaller:1.3.1] AndroidManifest.xml:47:17-88
87-->[androidx.profileinstaller:profileinstaller:1.3.1] AndroidManifest.xml:47:25-85
88            </intent-filter>
89            <intent-filter>
89-->[androidx.profileinstaller:profileinstaller:1.3.1] AndroidManifest.xml:49:13-51:29
90                <action android:name="androidx.profileinstaller.action.BENCHMARK_OPERATION" />
90-->[androidx.profileinstaller:profileinstaller:1.3.1] AndroidManifest.xml:50:17-95
90-->[androidx.profileinstaller:profileinstaller:1.3.1] AndroidManifest.xml:50:25-92
91            </intent-filter>
92        </receiver>
93    </application>
94
95</manifest>